<?xml version="1.0" encoding="UTF-8"?>
<!-- Generated by org.testng.reporters.JUnitReportReporter -->
<testsuite hostname="Admin" failures="0" tests="1" name="com.invicta.qa.testcases.sbu.AddSbuFunction" time="10.125" errors="0" timestamp="17 Feb 2023 07:56:12 GMT" skipped="0">
  <testcase classname="com.invicta.qa.testcases.sbu.AddSbuFunction" name="AddSbuFunction" time="10.125"/>
</testsuite> <!-- com.invicta.qa.testcases.sbu.AddSbuFunction -->
