<?xml version="1.0" encoding="UTF-8"?>
<!-- Generated by org.testng.reporters.JUnitReportReporter -->
<testsuite hostname="Admin" failures="0" tests="1" name="com.invicta.qa.testcases.sbu.ButtonTestCases" time="1.461" errors="0" timestamp="19 Feb 2023 13:52:07 GMT" skipped="0">
  <testcase classname="com.invicta.qa.testcases.sbu.ButtonTestCases" name="test" time="1.461"/>
</testsuite> <!-- com.invicta.qa.testcases.sbu.ButtonTestCases -->
