<?xml version="1.0" encoding="UTF-8"?>
<!-- Generated by org.testng.reporters.JUnitReportReporter -->
<testsuite hostname="Admin" failures="0" tests="1" name="com.invicta.qa.testcases.sbu.EditSbuUITest" time="55.446" errors="0" timestamp="17 Feb 2023 04:11:10 GMT" skipped="0">
  <testcase classname="com.invicta.qa.testcases.sbu.EditSbuUITest" name="NavigateSBU" time="55.446"/>
</testsuite> <!-- com.invicta.qa.testcases.sbu.EditSbuUITest -->
