<?xml version="1.0" encoding="UTF-8"?>
<!-- Generated by org.testng.reporters.JUnitReportReporter -->
<testsuite hostname="Admin" failures="0" tests="1" name="com.invicta.qa.testcases.login.LoginTest" time="5.619" errors="0" timestamp="16 Feb 2023 03:14:35 GMT" skipped="0">
  <testcase classname="com.invicta.qa.testcases.login.LoginTest" name="Login" time="5.619"/>
</testsuite> <!-- com.invicta.qa.testcases.login.LoginTest -->
